running egg_info
creating ../build/my_first_pkg/my_first_pkg.egg-info
writing ../build/my_first_pkg/my_first_pkg.egg-info/PKG-INFO
writing dependency_links to ../build/my_first_pkg/my_first_pkg.egg-info/dependency_links.txt
writing entry points to ../build/my_first_pkg/my_first_pkg.egg-info/entry_points.txt
writing requirements to ../build/my_first_pkg/my_first_pkg.egg-info/requires.txt
writing top-level names to ../build/my_first_pkg/my_first_pkg.egg-info/top_level.txt
writing manifest file '../build/my_first_pkg/my_first_pkg.egg-info/SOURCES.txt'
reading manifest file '../build/my_first_pkg/my_first_pkg.egg-info/SOURCES.txt'
writing manifest file '../build/my_first_pkg/my_first_pkg.egg-info/SOURCES.txt'
running build
running build_py
creating /home/robot/ws_aprendendo_ros2/src/build/my_first_pkg/build
creating /home/robot/ws_aprendendo_ros2/src/build/my_first_pkg/build/lib
creating /home/robot/ws_aprendendo_ros2/src/build/my_first_pkg/build/lib/my_first_pkg
copying my_first_pkg/__init__.py -> /home/robot/ws_aprendendo_ros2/src/build/my_first_pkg/build/lib/my_first_pkg
copying my_first_pkg/my_first_node.py -> /home/robot/ws_aprendendo_ros2/src/build/my_first_pkg/build/lib/my_first_pkg
copying my_first_pkg/r2d2.py -> /home/robot/ws_aprendendo_ros2/src/build/my_first_pkg/build/lib/my_first_pkg
running install
running install_lib
creating /home/robot/ws_aprendendo_ros2/src/install/my_first_pkg/lib/python3.10/site-packages/my_first_pkg
copying /home/robot/ws_aprendendo_ros2/src/build/my_first_pkg/build/lib/my_first_pkg/__init__.py -> /home/robot/ws_aprendendo_ros2/src/install/my_first_pkg/lib/python3.10/site-packages/my_first_pkg
copying /home/robot/ws_aprendendo_ros2/src/build/my_first_pkg/build/lib/my_first_pkg/my_first_node.py -> /home/robot/ws_aprendendo_ros2/src/install/my_first_pkg/lib/python3.10/site-packages/my_first_pkg
copying /home/robot/ws_aprendendo_ros2/src/build/my_first_pkg/build/lib/my_first_pkg/r2d2.py -> /home/robot/ws_aprendendo_ros2/src/install/my_first_pkg/lib/python3.10/site-packages/my_first_pkg
byte-compiling /home/robot/ws_aprendendo_ros2/src/install/my_first_pkg/lib/python3.10/site-packages/my_first_pkg/__init__.py to __init__.cpython-310.pyc
byte-compiling /home/robot/ws_aprendendo_ros2/src/install/my_first_pkg/lib/python3.10/site-packages/my_first_pkg/my_first_node.py to my_first_node.cpython-310.pyc
byte-compiling /home/robot/ws_aprendendo_ros2/src/install/my_first_pkg/lib/python3.10/site-packages/my_first_pkg/r2d2.py to r2d2.cpython-310.pyc
running install_data
creating /home/robot/ws_aprendendo_ros2/src/install/my_first_pkg/share/ament_index
creating /home/robot/ws_aprendendo_ros2/src/install/my_first_pkg/share/ament_index/resource_index
creating /home/robot/ws_aprendendo_ros2/src/install/my_first_pkg/share/ament_index/resource_index/packages
copying resource/my_first_pkg -> /home/robot/ws_aprendendo_ros2/src/install/my_first_pkg/share/ament_index/resource_index/packages
copying package.xml -> /home/robot/ws_aprendendo_ros2/src/install/my_first_pkg/share/my_first_pkg
creating /home/robot/ws_aprendendo_ros2/src/install/my_first_pkg/share/my_first_pkg/launch
copying launch/start.py -> /home/robot/ws_aprendendo_ros2/src/install/my_first_pkg/share/my_first_pkg/launch
running install_egg_info
Copying ../build/my_first_pkg/my_first_pkg.egg-info to /home/robot/ws_aprendendo_ros2/src/install/my_first_pkg/lib/python3.10/site-packages/my_first_pkg-0.0.0-py3.10.egg-info
running install_scripts
Installing first_project script to /home/robot/ws_aprendendo_ros2/src/install/my_first_pkg/lib/my_first_pkg
Installing node script to /home/robot/ws_aprendendo_ros2/src/install/my_first_pkg/lib/my_first_pkg
Installing r2d2 script to /home/robot/ws_aprendendo_ros2/src/install/my_first_pkg/lib/my_first_pkg
writing list of installed files to '/home/robot/ws_aprendendo_ros2/src/build/my_first_pkg/install.log'
