[4.081s] Invoking command in '/home/robot/ws_aprendendo_ros2/src/pacote_de_exemplos': PYTHONPATH=/home/robot/ws_aprendendo_ros2/src/build/pacote_de_exemplos/prefix_override:/home/robot/ws_aprendendo_ros2/src/install/pacote_de_exemplos/lib/python3.10/site-packages:${PYTHONPATH} /usr/bin/python3 setup.py egg_info --egg-base ../build/pacote_de_exemplos build --build-base /home/robot/ws_aprendendo_ros2/src/build/pacote_de_exemplos/build install --record /home/robot/ws_aprendendo_ros2/src/build/pacote_de_exemplos/install.log --single-version-externally-managed
[5.415s] running egg_info
[5.418s] creating ../build/pacote_de_exemplos/pacote_de_exemplos.egg-info
[5.420s] writing ../build/pacote_de_exemplos/pacote_de_exemplos.egg-info/PKG-INFO
[5.421s] writing dependency_links to ../build/pacote_de_exemplos/pacote_de_exemplos.egg-info/dependency_links.txt
[5.421s] writing entry points to ../build/pacote_de_exemplos/pacote_de_exemplos.egg-info/entry_points.txt
[5.422s] writing requirements to ../build/pacote_de_exemplos/pacote_de_exemplos.egg-info/requires.txt
[5.422s] writing top-level names to ../build/pacote_de_exemplos/pacote_de_exemplos.egg-info/top_level.txt
[5.423s] writing manifest file '../build/pacote_de_exemplos/pacote_de_exemplos.egg-info/SOURCES.txt'
[5.436s] reading manifest file '../build/pacote_de_exemplos/pacote_de_exemplos.egg-info/SOURCES.txt'
[5.442s] writing manifest file '../build/pacote_de_exemplos/pacote_de_exemplos.egg-info/SOURCES.txt'
[5.442s] running build
[5.442s] running build_py
[5.443s] creating /home/robot/ws_aprendendo_ros2/src/build/pacote_de_exemplos/build
[5.443s] creating /home/robot/ws_aprendendo_ros2/src/build/pacote_de_exemplos/build/lib
[5.443s] creating /home/robot/ws_aprendendo_ros2/src/build/pacote_de_exemplos/build/lib/pacote_de_exemplos
[5.443s] copying pacote_de_exemplos/no_com_classe.py -> /home/robot/ws_aprendendo_ros2/src/build/pacote_de_exemplos/build/lib/pacote_de_exemplos
[5.448s] copying pacote_de_exemplos/__init__.py -> /home/robot/ws_aprendendo_ros2/src/build/pacote_de_exemplos/build/lib/pacote_de_exemplos
[5.448s] copying pacote_de_exemplos/no_simples.py -> /home/robot/ws_aprendendo_ros2/src/build/pacote_de_exemplos/build/lib/pacote_de_exemplos
[5.449s] copying pacote_de_exemplos/robot.py -> /home/robot/ws_aprendendo_ros2/src/build/pacote_de_exemplos/build/lib/pacote_de_exemplos
[5.450s] copying pacote_de_exemplos/r2d2.py -> /home/robot/ws_aprendendo_ros2/src/build/pacote_de_exemplos/build/lib/pacote_de_exemplos
[5.451s] copying pacote_de_exemplos/checkpoints.py -> /home/robot/ws_aprendendo_ros2/src/build/pacote_de_exemplos/build/lib/pacote_de_exemplos
[5.456s] running install
[5.460s] running install_lib
[5.465s] creating /home/robot/ws_aprendendo_ros2/src/install/pacote_de_exemplos/lib/python3.10/site-packages/pacote_de_exemplos
[5.466s] copying /home/robot/ws_aprendendo_ros2/src/build/pacote_de_exemplos/build/lib/pacote_de_exemplos/no_com_classe.py -> /home/robot/ws_aprendendo_ros2/src/install/pacote_de_exemplos/lib/python3.10/site-packages/pacote_de_exemplos
[5.467s] copying /home/robot/ws_aprendendo_ros2/src/build/pacote_de_exemplos/build/lib/pacote_de_exemplos/__init__.py -> /home/robot/ws_aprendendo_ros2/src/install/pacote_de_exemplos/lib/python3.10/site-packages/pacote_de_exemplos
[5.467s] copying /home/robot/ws_aprendendo_ros2/src/build/pacote_de_exemplos/build/lib/pacote_de_exemplos/no_simples.py -> /home/robot/ws_aprendendo_ros2/src/install/pacote_de_exemplos/lib/python3.10/site-packages/pacote_de_exemplos
[5.474s] copying /home/robot/ws_aprendendo_ros2/src/build/pacote_de_exemplos/build/lib/pacote_de_exemplos/robot.py -> /home/robot/ws_aprendendo_ros2/src/install/pacote_de_exemplos/lib/python3.10/site-packages/pacote_de_exemplos
[5.474s] copying /home/robot/ws_aprendendo_ros2/src/build/pacote_de_exemplos/build/lib/pacote_de_exemplos/r2d2.py -> /home/robot/ws_aprendendo_ros2/src/install/pacote_de_exemplos/lib/python3.10/site-packages/pacote_de_exemplos
[5.475s] copying /home/robot/ws_aprendendo_ros2/src/build/pacote_de_exemplos/build/lib/pacote_de_exemplos/checkpoints.py -> /home/robot/ws_aprendendo_ros2/src/install/pacote_de_exemplos/lib/python3.10/site-packages/pacote_de_exemplos
[5.478s] byte-compiling /home/robot/ws_aprendendo_ros2/src/install/pacote_de_exemplos/lib/python3.10/site-packages/pacote_de_exemplos/no_com_classe.py to no_com_classe.cpython-310.pyc
[5.485s] byte-compiling /home/robot/ws_aprendendo_ros2/src/install/pacote_de_exemplos/lib/python3.10/site-packages/pacote_de_exemplos/__init__.py to __init__.cpython-310.pyc
[5.486s] byte-compiling /home/robot/ws_aprendendo_ros2/src/install/pacote_de_exemplos/lib/python3.10/site-packages/pacote_de_exemplos/no_simples.py to no_simples.cpython-310.pyc
[5.486s] byte-compiling /home/robot/ws_aprendendo_ros2/src/install/pacote_de_exemplos/lib/python3.10/site-packages/pacote_de_exemplos/robot.py to robot.cpython-310.pyc
[5.489s] byte-compiling /home/robot/ws_aprendendo_ros2/src/install/pacote_de_exemplos/lib/python3.10/site-packages/pacote_de_exemplos/r2d2.py to r2d2.cpython-310.pyc
[5.491s] byte-compiling /home/robot/ws_aprendendo_ros2/src/install/pacote_de_exemplos/lib/python3.10/site-packages/pacote_de_exemplos/checkpoints.py to checkpoints.cpython-310.pyc
[5.499s] running install_data
[5.501s] creating /home/robot/ws_aprendendo_ros2/src/install/pacote_de_exemplos/share/ament_index
[5.501s] creating /home/robot/ws_aprendendo_ros2/src/install/pacote_de_exemplos/share/ament_index/resource_index
[5.504s] creating /home/robot/ws_aprendendo_ros2/src/install/pacote_de_exemplos/share/ament_index/resource_index/packages
[5.504s] copying resource/pacote_de_exemplos -> /home/robot/ws_aprendendo_ros2/src/install/pacote_de_exemplos/share/ament_index/resource_index/packages
[5.505s] copying package.xml -> /home/robot/ws_aprendendo_ros2/src/install/pacote_de_exemplos/share/pacote_de_exemplos
[5.508s] creating /home/robot/ws_aprendendo_ros2/src/install/pacote_de_exemplos/share/pacote_de_exemplos/config
[5.508s] copying config/Default.perspective -> /home/robot/ws_aprendendo_ros2/src/install/pacote_de_exemplos/share/pacote_de_exemplos/config/
[5.514s] creating /home/robot/ws_aprendendo_ros2/src/install/pacote_de_exemplos/share/pacote_de_exemplos/config/map
[5.514s] copying config/map/map.yaml -> /home/robot/ws_aprendendo_ros2/src/install/pacote_de_exemplos/share/pacote_de_exemplos/config/map
[5.515s] copying config/map/map.pgm -> /home/robot/ws_aprendendo_ros2/src/install/pacote_de_exemplos/share/pacote_de_exemplos/config/map
[5.530s] copying config/map/checkpoints.json -> /home/robot/ws_aprendendo_ros2/src/install/pacote_de_exemplos/share/pacote_de_exemplos/config/map
[5.531s] creating /home/robot/ws_aprendendo_ros2/src/install/pacote_de_exemplos/share/pacote_de_exemplos/config/rviz
[5.532s] copying config/rviz/navigation.rviz -> /home/robot/ws_aprendendo_ros2/src/install/pacote_de_exemplos/share/pacote_de_exemplos/config/rviz
[5.532s] copying config/rviz/robot.rviz -> /home/robot/ws_aprendendo_ros2/src/install/pacote_de_exemplos/share/pacote_de_exemplos/config/rviz
[5.538s] copying config/rviz/mapping_cartographer.rviz -> /home/robot/ws_aprendendo_ros2/src/install/pacote_de_exemplos/share/pacote_de_exemplos/config/rviz
[5.538s] copying config/rviz/mapping_slam_toolbox.rviz -> /home/robot/ws_aprendendo_ros2/src/install/pacote_de_exemplos/share/pacote_de_exemplos/config/rviz
[5.538s] creating /home/robot/ws_aprendendo_ros2/src/install/pacote_de_exemplos/share/pacote_de_exemplos/config/nav
[5.538s] copying config/nav/slam_toolbox.yaml -> /home/robot/ws_aprendendo_ros2/src/install/pacote_de_exemplos/share/pacote_de_exemplos/config/nav
[5.539s] copying config/nav/nav2_params.yaml -> /home/robot/ws_aprendendo_ros2/src/install/pacote_de_exemplos/share/pacote_de_exemplos/config/nav
[5.539s] copying config/nav/ekf.yaml -> /home/robot/ws_aprendendo_ros2/src/install/pacote_de_exemplos/share/pacote_de_exemplos/config/nav
[5.547s] copying config/nav/cartographer.lua -> /home/robot/ws_aprendendo_ros2/src/install/pacote_de_exemplos/share/pacote_de_exemplos/config/nav
[5.548s] creating /home/robot/ws_aprendendo_ros2/src/install/pacote_de_exemplos/share/pacote_de_exemplos/launch
[5.548s] copying launch/simulation.launch.py -> /home/robot/ws_aprendendo_ros2/src/install/pacote_de_exemplos/share/pacote_de_exemplos/launch/
[5.548s] copying launch/mapping_cartographer.launch.py -> /home/robot/ws_aprendendo_ros2/src/install/pacote_de_exemplos/share/pacote_de_exemplos/launch/
[5.548s] copying launch/navigation2.launch.py -> /home/robot/ws_aprendendo_ros2/src/install/pacote_de_exemplos/share/pacote_de_exemplos/launch/
[5.552s] copying launch/mapping_slam_toolbox.launch.py -> /home/robot/ws_aprendendo_ros2/src/install/pacote_de_exemplos/share/pacote_de_exemplos/launch/
[5.552s] copying launch/load.launch.py -> /home/robot/ws_aprendendo_ros2/src/install/pacote_de_exemplos/share/pacote_de_exemplos/launch/
[5.557s] copying launch/display.launch.py -> /home/robot/ws_aprendendo_ros2/src/install/pacote_de_exemplos/share/pacote_de_exemplos/launch/
[5.557s] copying launch/navigation.launch.py -> /home/robot/ws_aprendendo_ros2/src/install/pacote_de_exemplos/share/pacote_de_exemplos/launch/
[5.558s] copying launch/turtlebot.launch.py -> /home/robot/ws_aprendendo_ros2/src/install/pacote_de_exemplos/share/pacote_de_exemplos/launch/
[5.561s] copying launch/exemplo.launch.py -> /home/robot/ws_aprendendo_ros2/src/install/pacote_de_exemplos/share/pacote_de_exemplos/launch/
[5.561s] copying launch/load_turtlebot.launch.py -> /home/robot/ws_aprendendo_ros2/src/install/pacote_de_exemplos/share/pacote_de_exemplos/launch/
[5.561s] creating /home/robot/ws_aprendendo_ros2/src/install/pacote_de_exemplos/share/pacote_de_exemplos/simulation
[5.561s] creating /home/robot/ws_aprendendo_ros2/src/install/pacote_de_exemplos/share/pacote_de_exemplos/simulation/worlds
[5.562s] copying simulation/worlds/simple_room_with_gaps.world -> /home/robot/ws_aprendendo_ros2/src/install/pacote_de_exemplos/share/pacote_de_exemplos/simulation/worlds
[5.563s] copying simulation/worlds/simple_room.world -> /home/robot/ws_aprendendo_ros2/src/install/pacote_de_exemplos/share/pacote_de_exemplos/simulation/worlds
[5.563s] copying simulation/worlds/simple_room_with_random_boxes.world -> /home/robot/ws_aprendendo_ros2/src/install/pacote_de_exemplos/share/pacote_de_exemplos/simulation/worlds
[5.566s] copying simulation/worlds/simple_room_with_fixed_boxes.world -> /home/robot/ws_aprendendo_ros2/src/install/pacote_de_exemplos/share/pacote_de_exemplos/simulation/worlds
[5.571s] copying simulation/worlds/empty.world -> /home/robot/ws_aprendendo_ros2/src/install/pacote_de_exemplos/share/pacote_de_exemplos/simulation/worlds
[5.571s] creating /home/robot/ws_aprendendo_ros2/src/install/pacote_de_exemplos/share/pacote_de_exemplos/simulation/models
[5.571s] creating /home/robot/ws_aprendendo_ros2/src/install/pacote_de_exemplos/share/pacote_de_exemplos/simulation/models/r2d2
[5.571s] copying simulation/models/r2d2/model.sdf -> /home/robot/ws_aprendendo_ros2/src/install/pacote_de_exemplos/share/pacote_de_exemplos/simulation/models/r2d2
[5.573s] copying simulation/models/r2d2/model.config -> /home/robot/ws_aprendendo_ros2/src/install/pacote_de_exemplos/share/pacote_de_exemplos/simulation/models/r2d2
[5.578s] creating /home/robot/ws_aprendendo_ros2/src/install/pacote_de_exemplos/share/pacote_de_exemplos/simulation/models/wood_square
[5.578s] copying simulation/models/wood_square/model.sdf -> /home/robot/ws_aprendendo_ros2/src/install/pacote_de_exemplos/share/pacote_de_exemplos/simulation/models/wood_square
[5.578s] copying simulation/models/wood_square/model.config -> /home/robot/ws_aprendendo_ros2/src/install/pacote_de_exemplos/share/pacote_de_exemplos/simulation/models/wood_square
[5.578s] creating /home/robot/ws_aprendendo_ros2/src/install/pacote_de_exemplos/share/pacote_de_exemplos/simulation/models/box
[5.578s] copying simulation/models/box/model.sdf -> /home/robot/ws_aprendendo_ros2/src/install/pacote_de_exemplos/share/pacote_de_exemplos/simulation/models/box
[5.578s] copying simulation/models/box/model.config -> /home/robot/ws_aprendendo_ros2/src/install/pacote_de_exemplos/share/pacote_de_exemplos/simulation/models/box
[5.582s] creating /home/robot/ws_aprendendo_ros2/src/install/pacote_de_exemplos/share/pacote_de_exemplos/simulation/models/simple_room
[5.583s] copying simulation/models/simple_room/model.sdf -> /home/robot/ws_aprendendo_ros2/src/install/pacote_de_exemplos/share/pacote_de_exemplos/simulation/models/simple_room
[5.583s] copying simulation/models/simple_room/model.config -> /home/robot/ws_aprendendo_ros2/src/install/pacote_de_exemplos/share/pacote_de_exemplos/simulation/models/simple_room
[5.583s] creating /home/robot/ws_aprendendo_ros2/src/install/pacote_de_exemplos/share/pacote_de_exemplos/urdf
[5.583s] copying urdf/robot.urdf -> /home/robot/ws_aprendendo_ros2/src/install/pacote_de_exemplos/share/pacote_de_exemplos/urdf/
[5.583s] copying urdf/sam_bot_description.urdf -> /home/robot/ws_aprendendo_ros2/src/install/pacote_de_exemplos/share/pacote_de_exemplos/urdf/
[5.584s] copying urdf/myfirstrobot.urdf -> /home/robot/ws_aprendendo_ros2/src/install/pacote_de_exemplos/share/pacote_de_exemplos/urdf/
[5.585s] copying urdf/myfirstrobot.urdf.xacro -> /home/robot/ws_aprendendo_ros2/src/install/pacote_de_exemplos/share/pacote_de_exemplos/urdf/
[5.590s] creating /home/robot/ws_aprendendo_ros2/src/install/pacote_de_exemplos/share/pacote_de_exemplos/urdf/simulation
[5.590s] copying urdf/simulation/gazebo_base.urdf.xacro -> /home/robot/ws_aprendendo_ros2/src/install/pacote_de_exemplos/share/pacote_de_exemplos/urdf/simulation
[5.591s] copying urdf/simulation/imu.urdf.xacro -> /home/robot/ws_aprendendo_ros2/src/install/pacote_de_exemplos/share/pacote_de_exemplos/urdf/simulation
[5.591s] copying urdf/simulation/gazebo_laser.urdf.xacro -> /home/robot/ws_aprendendo_ros2/src/install/pacote_de_exemplos/share/pacote_de_exemplos/urdf/simulation
[5.591s] copying urdf/simulation/gazebo_camera.urdf.xacro -> /home/robot/ws_aprendendo_ros2/src/install/pacote_de_exemplos/share/pacote_de_exemplos/urdf/simulation
[5.591s] creating /home/robot/ws_aprendendo_ros2/src/install/pacote_de_exemplos/share/pacote_de_exemplos/urdf/macros
[5.592s] copying urdf/macros/properties.urdf.xacro -> /home/robot/ws_aprendendo_ros2/src/install/pacote_de_exemplos/share/pacote_de_exemplos/urdf/macros
[5.594s] copying urdf/macros/link_geometry.urdf.xacro -> /home/robot/ws_aprendendo_ros2/src/install/pacote_de_exemplos/share/pacote_de_exemplos/urdf/macros
[5.595s] creating /home/robot/ws_aprendendo_ros2/src/install/pacote_de_exemplos/share/pacote_de_exemplos/urdf/macros/parts
[5.595s] copying urdf/macros/parts/wheel.urdf.xacro -> /home/robot/ws_aprendendo_ros2/src/install/pacote_de_exemplos/share/pacote_de_exemplos/urdf/macros/parts
[5.595s] copying urdf/macros/parts/base.urdf.xacro -> /home/robot/ws_aprendendo_ros2/src/install/pacote_de_exemplos/share/pacote_de_exemplos/urdf/macros/parts
[5.597s] copying urdf/macros/parts/head.urdf.xacro -> /home/robot/ws_aprendendo_ros2/src/install/pacote_de_exemplos/share/pacote_de_exemplos/urdf/macros/parts
[5.602s] copying urdf/macros/parts/leg.urdf.xacro -> /home/robot/ws_aprendendo_ros2/src/install/pacote_de_exemplos/share/pacote_de_exemplos/urdf/macros/parts
[5.602s] running install_egg_info
[5.613s] Copying ../build/pacote_de_exemplos/pacote_de_exemplos.egg-info to /home/robot/ws_aprendendo_ros2/src/install/pacote_de_exemplos/lib/python3.10/site-packages/pacote_de_exemplos-0.0.0-py3.10.egg-info
[5.622s] running install_scripts
[5.723s] Installing checkpoints script to /home/robot/ws_aprendendo_ros2/src/install/pacote_de_exemplos/lib/pacote_de_exemplos
[5.724s] Installing no_com_classe script to /home/robot/ws_aprendendo_ros2/src/install/pacote_de_exemplos/lib/pacote_de_exemplos
[5.724s] Installing no_simples script to /home/robot/ws_aprendendo_ros2/src/install/pacote_de_exemplos/lib/pacote_de_exemplos
[5.729s] Installing r2d2 script to /home/robot/ws_aprendendo_ros2/src/install/pacote_de_exemplos/lib/pacote_de_exemplos
[5.731s] writing list of installed files to '/home/robot/ws_aprendendo_ros2/src/build/pacote_de_exemplos/install.log'
[5.882s] Invoked command in '/home/robot/ws_aprendendo_ros2/src/pacote_de_exemplos' returned '0': PYTHONPATH=/home/robot/ws_aprendendo_ros2/src/build/pacote_de_exemplos/prefix_override:/home/robot/ws_aprendendo_ros2/src/install/pacote_de_exemplos/lib/python3.10/site-packages:${PYTHONPATH} /usr/bin/python3 setup.py egg_info --egg-base ../build/pacote_de_exemplos build --build-base /home/robot/ws_aprendendo_ros2/src/build/pacote_de_exemplos/build install --record /home/robot/ws_aprendendo_ros2/src/build/pacote_de_exemplos/install.log --single-version-externally-managed
