[5.655s] Invoking command in '/home/robot/ws_aprendendo_ros2/src/first_project': PYTHONPATH=/home/robot/ws_aprendendo_ros2/src/build/first_project/prefix_override:/home/robot/ws_aprendendo_ros2/src/install/first_project/lib/python3.10/site-packages:${PYTHONPATH} /usr/bin/python3 setup.py egg_info --egg-base ../build/first_project build --build-base /home/robot/ws_aprendendo_ros2/src/build/first_project/build install --record /home/robot/ws_aprendendo_ros2/src/build/first_project/install.log --single-version-externally-managed
[7.496s] running egg_info
[7.499s] creating ../build/first_project/first_project.egg-info
[7.500s] writing ../build/first_project/first_project.egg-info/PKG-INFO
[7.508s] writing dependency_links to ../build/first_project/first_project.egg-info/dependency_links.txt
[7.509s] writing entry points to ../build/first_project/first_project.egg-info/entry_points.txt
[7.510s] writing requirements to ../build/first_project/first_project.egg-info/requires.txt
[7.513s] writing top-level names to ../build/first_project/first_project.egg-info/top_level.txt
[7.513s] writing manifest file '../build/first_project/first_project.egg-info/SOURCES.txt'
[7.530s] reading manifest file '../build/first_project/first_project.egg-info/SOURCES.txt'
[7.536s] writing manifest file '../build/first_project/first_project.egg-info/SOURCES.txt'
[7.536s] running build
[7.536s] running build_py
[7.536s] creating /home/robot/ws_aprendendo_ros2/src/build/first_project/build
[7.545s] creating /home/robot/ws_aprendendo_ros2/src/build/first_project/build/lib
[7.546s] creating /home/robot/ws_aprendendo_ros2/src/build/first_project/build/lib/first_project
[7.546s] copying first_project/__init__.py -> /home/robot/ws_aprendendo_ros2/src/build/first_project/build/lib/first_project
[7.546s] copying first_project/first_project.py -> /home/robot/ws_aprendendo_ros2/src/build/first_project/build/lib/first_project
[7.546s] running install
[7.546s] running install_lib
[7.560s] creating /home/robot/ws_aprendendo_ros2/src/install/first_project/lib/python3.10/site-packages/first_project
[7.560s] copying /home/robot/ws_aprendendo_ros2/src/build/first_project/build/lib/first_project/__init__.py -> /home/robot/ws_aprendendo_ros2/src/install/first_project/lib/python3.10/site-packages/first_project
[7.560s] copying /home/robot/ws_aprendendo_ros2/src/build/first_project/build/lib/first_project/first_project.py -> /home/robot/ws_aprendendo_ros2/src/install/first_project/lib/python3.10/site-packages/first_project
[7.568s] byte-compiling /home/robot/ws_aprendendo_ros2/src/install/first_project/lib/python3.10/site-packages/first_project/__init__.py to __init__.cpython-310.pyc
[7.568s] byte-compiling /home/robot/ws_aprendendo_ros2/src/install/first_project/lib/python3.10/site-packages/first_project/first_project.py to first_project.cpython-310.pyc
[7.575s] running install_data
[7.578s] creating /home/robot/ws_aprendendo_ros2/src/install/first_project/share/ament_index
[7.578s] creating /home/robot/ws_aprendendo_ros2/src/install/first_project/share/ament_index/resource_index
[7.579s] creating /home/robot/ws_aprendendo_ros2/src/install/first_project/share/ament_index/resource_index/packages
[7.579s] copying resource/first_project -> /home/robot/ws_aprendendo_ros2/src/install/first_project/share/ament_index/resource_index/packages
[7.580s] copying package.xml -> /home/robot/ws_aprendendo_ros2/src/install/first_project/share/first_project
[7.583s] running install_egg_info
[7.592s] Copying ../build/first_project/first_project.egg-info to /home/robot/ws_aprendendo_ros2/src/install/first_project/lib/python3.10/site-packages/first_project-0.0.0-py3.10.egg-info
[7.616s] running install_scripts
[7.764s] Installing first_project script to /home/robot/ws_aprendendo_ros2/src/install/first_project/lib/first_project
[7.765s] writing list of installed files to '/home/robot/ws_aprendendo_ros2/src/build/first_project/install.log'
[9.284s] Invoked command in '/home/robot/ws_aprendendo_ros2/src/first_project' returned '0': PYTHONPATH=/home/robot/ws_aprendendo_ros2/src/build/first_project/prefix_override:/home/robot/ws_aprendendo_ros2/src/install/first_project/lib/python3.10/site-packages:${PYTHONPATH} /usr/bin/python3 setup.py egg_info --egg-base ../build/first_project build --build-base /home/robot/ws_aprendendo_ros2/src/build/first_project/build install --record /home/robot/ws_aprendendo_ros2/src/build/first_project/install.log --single-version-externally-managed
